<?xml version="1.0" encoding="UTF-8"?>
<!-- Generated by org.testng.reporters.JUnitXMLReporter -->
<testsuite ignored="1" hostname="DESKTOP-N3ISE95" failures="0" tests="3" name="Surefire test" time="11.007" errors="0" timestamp="2024-12-28T17:18:31 IST">
  <testcase classname="tests_for_interactions.DraggableTests" name="clickoninteractions" time="0.193"/>
  <testcase classname="tests_for_interactions.DraggableTests" name="clickondraggableoption" time="0.722"/>
  <testcase classname="tests_for_interactions.DraggableTests" name="draggablecursorandValidate" time="0.694"/>
  <testcase classname="tests_for_interactions.DraggableTests" name="draggablecursor" time="0.0">
    <ignored/>
  </testcase> <!-- draggablecursor -->
</testsuite> <!-- Surefire test -->
