<?xml version="1.0" encoding="UTF-8"?>
<!-- Generated by org.testng.reporters.JUnitXMLReporter -->
<testsuite ignored="3" hostname="DESKTOP-N3ISE95" failures="0" tests="3" name="SelectableTests" time="16.803" errors="0" timestamp="2024-12-27T14:50:58 IST">
  <testcase classname="tests_for_interactions.SelectableTests" name="clickoninteractions" time="0.17"/>
  <testcase classname="tests_for_interactions.SelectableTests" name="clickonselectable" time="0.708"/>
  <testcase classname="tests_for_interactions.SelectableTests" name="selectoptionnormally" time="1.705"/>
  <testcase classname="tests_for_interactions.SelectableTests" name="selectoptionbycss" time="0.0">
    <ignored/>
  </testcase> <!-- selectoptionbycss -->
  <testcase classname="tests_for_interactions.SelectableTests" name="selectoptionthroughstatechange" time="0.0">
    <ignored/>
  </testcase> <!-- selectoptionthroughstatechange -->
  <testcase classname="tests_for_interactions.SelectableTests" name="selectoneoptionbyattribute" time="0.0">
    <ignored/>
  </testcase> <!-- selectoneoptionbyattribute -->
</testsuite> <!-- SelectableTests -->
