<?xml version="1.0" encoding="UTF-8"?>
<!-- Generated by org.testng.reporters.JUnitXMLReporter -->
<testsuite ignored="4" hostname="DESKTOP-N3ISE95" failures="0" tests="3" name="SortableTests" time="11.809" errors="0" timestamp="2024-12-27T14:49:49 IST">
  <testcase classname="tests_for_interactions.SortableTests" name="clickoninteractions" time="0.145"/>
  <testcase classname="tests_for_interactions.SortableTests" name="clickonsortable" time="0.178"/>
  <testcase classname="tests_for_interactions.SortableTests" name="sortnamelistusingmap" time="0.141"/>
  <testcase classname="tests_for_interactions.SortableTests" name="sortnamelistbygetetxtmethod" time="0.0">
    <ignored/>
  </testcase> <!-- sortnamelistbygetetxtmethod -->
  <testcase classname="tests_for_interactions.SortableTests" name="sortnamelistusingloop" time="0.0">
    <ignored/>
  </testcase> <!-- sortnamelistusingloop -->
  <testcase classname="tests_for_interactions.SortableTests" name="sortnameandvalidate" time="0.0">
    <ignored/>
  </testcase> <!-- sortnameandvalidate -->
  <testcase classname="tests_for_interactions.SortableTests" name="sortnamelistusingehancedforloop" time="0.0">
    <ignored/>
  </testcase> <!-- sortnamelistusingehancedforloop -->
</testsuite> <!-- SortableTests -->
